<?xml version="1.0" encoding="UTF-8"?>
<!-- Generated by org.testng.reporters.JUnitReportReporter -->
<testsuite hostname="DESKTOP-LLLGMOJ" failures="0" tests="2" name="testscripts.TestActitimeLogin" time="5.225" errors="0" timestamp="2023-07-25T08:49:11 IST" skipped="0">
  <testcase classname="testscripts.TestActitimeLogin" name="testLoginWithValidData" time="3.868"/>
  <system-out/>
  <testcase classname="testscripts.TestActitimeLogin" name="testLogout" time="1.357"/>
  <system-out/>
</testsuite> <!-- testscripts.TestActitimeLogin -->
