<?xml version="1.0" encoding="UTF-8"?>
<!-- Generated by org.testng.reporters.JUnitReportReporter -->
<testsuite hostname="DESKTOP-LLLGMOJ" failures="0" tests="2" name="orangehrm_testscripts.TestOrangeHrmLogin" time="4.551" errors="0" timestamp="2023-09-06T08:49:28 IST" skipped="0">
  <testcase classname="orangehrm_testscripts.TestOrangeHrmLogin" name="testWithValidData" time="2.003"/>
  <system-out/>
  <testcase classname="orangehrm_testscripts.TestOrangeHrmLogin" name="testWithInvalidData" time="2.548"/>
  <system-out/>
</testsuite> <!-- orangehrm_testscripts.TestOrangeHrmLogin -->
