<?xml version="1.0" encoding="UTF-8"?>
<!-- Generated by org.testng.reporters.JUnitReportReporter -->
<testsuite hostname="DESKTOP-LLLGMOJ" failures="0" tests="3" name="testscripts.TestGoogleSearchPage" time="4.184" errors="0" timestamp="2023-09-06T09:10:47 IST" skipped="0">
  <testcase classname="testscripts.TestGoogleSearchPage" name="testGoogleHomePage" time="0.016"/>
  <system-out/>
  <testcase classname="testscripts.TestGoogleSearchPage" name="testSuggestionCount" time="0.438"/>
  <system-out/>
  <testcase classname="testscripts.TestGoogleSearchPage" name="testGoogleSearchPage" time="3.730"/>
  <system-out/>
</testsuite> <!-- testscripts.TestGoogleSearchPage -->
