<?xml version="1.0" encoding="UTF-8"?>
<!-- Generated by org.testng.reporters.JUnitReportReporter -->
<testsuite hostname="DESKTOP-LLLGMOJ" failures="0" tests="1" name="simplescript.ActitimeLoginValidation" time="14.672" errors="0" timestamp="2023-07-25T08:31:26 IST" skipped="0">
  <testcase classname="simplescript.ActitimeLoginValidation" name="testLoginWithValidData" time="14.672"/>
  <system-out/>
</testsuite> <!-- simplescript.ActitimeLoginValidation -->
