<?xml version="1.0" encoding="UTF-8"?>
<!-- Generated by org.testng.reporters.JUnitReportReporter -->
<testsuite hostname="DESKTOP-OGMOHKA" failures="0" tests="2" name="orangehrm_testscripts.TestOrangeHrmPim" time="59.933" errors="0" timestamp="2023-09-09T19:49:45 IST" skipped="0">
  <testcase classname="orangehrm_testscripts.TestOrangeHrmPim" name="testPimCreation" time="35.100"/>
  <testcase classname="orangehrm_testscripts.TestOrangeHrmPim" name="testPimDeletion" time="24.833"/>
</testsuite> <!-- orangehrm_testscripts.TestOrangeHrmPim -->
